# JRE version: OpenJDK Runtime Environment (16.0.2+7) (build 16.0.2+7-67)
# Java VM: OpenJDK 64-Bit Server VM (16.0.2+7-67, mixed mode, sharing, tiered, compressed oops, compressed class ptrs, g1 gc, windows-amd64)
GC Precious Log:
 CPUs: 8 total, 8 available
 Memory: 7915M
 Large Page Support: Disabled
 NUMA Support: Disabled
 Compressed Oops: Enabled (32-bit)
 Heap Region Size: 1M
 Heap Min Capacity: 8M
 Heap Initial Capacity: 124M
 Heap Max Capacity: 2G
 Pre-touch: Disabled
 Parallel Workers: 8
 Concurrent Workers: 2
 Concurrent Refinement Workers: 8
 Periodic GC: Disabled
Heap:
 garbage-first heap   total 221184K, used 125736K [0x0000000080000000, 0x0000000100000000)
  region size 1024K, 19 young (19456K), 5 survivors (5120K)
 Metaspace       used 89023K, committed 89664K, reserved 1130496K
  class space    used 11495K, committed 11776K, reserved 1048576K
GC Heap History (20 events):
Event: 27.659 GC heap before
{Heap before GC invocations=38 (full 0):
 garbage-first heap   total 162816K, used 124285K [0x0000000080000000, 0x0000000100000000)
  region size 1024K, 43 young (44032K), 6 survivors (6144K)
 Metaspace       used 76527K, committed 77120K, reserved 1122304K
  class space    used 10118K, committed 10432K, reserved 1048576K
}
Event: 27.664 GC heap after
{Heap after GC invocations=39 (full 0):
 garbage-first heap   total 162816K, used 90093K [0x0000000080000000, 0x0000000100000000)
  region size 1024K, 6 young (6144K), 6 survivors (6144K)
 Metaspace       used 76527K, committed 77120K, reserved 1122304K
  class space    used 10118K, committed 10432K, reserved 1048576K
}
Event: 28.165 GC heap before
{Heap before GC invocations=39 (full 0):
 garbage-first heap   total 162816K, used 129005K [0x0000000080000000, 0x0000000100000000)
  region size 1024K, 45 young (46080K), 6 survivors (6144K)
 Metaspace       used 77092K, committed 77696K, reserved 1122304K
  class space    used 10187K, committed 10496K, reserved 1048576K
}
Event: 28.170 GC heap after
{Heap after GC invocations=40 (full 0):
 garbage-first heap   total 162816K, used 93019K [0x0000000080000000, 0x0000000100000000)
  region size 1024K, 6 young (6144K), 6 survivors (6144K)
 Metaspace       used 77092K, committed 77696K, reserved 1122304K
  class space    used 10187K, committed 10496K, reserved 1048576K
}
Event: 28.445 GC heap before
{Heap before GC invocations=41 (full 0):
 garbage-first heap   total 176128K, used 129883K [0x0000000080000000, 0x0000000100000000)
  region size 1024K, 42 young (43008K), 6 survivors (6144K)
 Metaspace       used 77112K, committed 77696K, reserved 1122304K
  class space    used 10187K, committed 10496K, reserved 1048576K
}
Event: 28.449 GC heap after
{Heap after GC invocations=42 (full 0):
 garbage-first heap   total 176128K, used 94950K [0x0000000080000000, 0x0000000100000000)
  region size 1024K, 5 young (5120K), 5 survivors (5120K)
 Metaspace       used 77112K, committed 77696K, reserved 1122304K
  class space    used 10187K, committed 10496K, reserved 1048576K
}
Event: 29.604 GC heap before
{Heap before GC invocations=42 (full 0):
 garbage-first heap   total 176128K, used 138982K [0x0000000080000000, 0x0000000100000000)
  region size 1024K, 49 young (50176K), 5 survivors (5120K)
 Metaspace       used 77576K, committed 78208K, reserved 1122304K
  class space    used 10253K, committed 10560K, reserved 1048576K
}
Event: 29.608 GC heap after
{Heap after GC invocations=43 (full 0):
 garbage-first heap   total 176128K, used 98047K [0x0000000080000000, 0x0000000100000000)
  region size 1024K, 6 young (6144K), 6 survivors (6144K)
 Metaspace       used 77576K, committed 78208K, reserved 1122304K
  class space    used 10253K, committed 10560K, reserved 1048576K
}
Event: 30.067 GC heap before
{Heap before GC invocations=44 (full 0):
 garbage-first heap   total 176128K, used 140031K [0x0000000080000000, 0x0000000100000000)
  region size 1024K, 48 young (49152K), 6 survivors (6144K)
 Metaspace       used 82656K, committed 83264K, reserved 1122304K
  class space    used 10898K, committed 11200K, reserved 1048576K
}
Event: 30.087 GC heap after
{Heap after GC invocations=45 (full 0):
 garbage-first heap   total 176128K, used 102416K [0x0000000080000000, 0x0000000100000000)
  region size 1024K, 5 young (5120K), 5 survivors (5120K)
 Metaspace       used 82656K, committed 83264K, reserved 1122304K
  class space    used 10898K, committed 11200K, reserved 1048576K
}
Event: 30.359 GC heap before
{Heap before GC invocations=45 (full 0):
 garbage-first heap   total 176128K, used 105488K [0x0000000080000000, 0x0000000100000000)
  region size 1024K, 8 young (8192K), 5 survivors (5120K)
 Metaspace       used 82734K, committed 83328K, reserved 1122304K
  class space    used 10914K, committed 11200K, reserved 1048576K
}
Event: 30.368 GC heap after
{Heap after GC invocations=46 (full 0):
 garbage-first heap   total 176128K, used 96165K [0x0000000080000000, 0x0000000100000000)
  region size 1024K, 1 young (1024K), 1 survivors (1024K)
 Metaspace       used 82734K, committed 83328K, reserved 1122304K
  class space    used 10914K, committed 11200K, reserved 1048576K
}
Event: 34.418 GC heap before
{Heap before GC invocations=46 (full 0):
 garbage-first heap   total 176128K, used 141221K [0x0000000080000000, 0x0000000100000000)
  region size 1024K, 45 young (46080K), 1 survivors (1024K)
 Metaspace       used 84391K, committed 84928K, reserved 1122304K
  class space    used 11138K, committed 11392K, reserved 1048576K
}
Event: 34.421 GC heap after
{Heap after GC invocations=47 (full 0):
 garbage-first heap   total 221184K, used 96173K [0x0000000080000000, 0x0000000100000000)
  region size 1024K, 1 young (1024K), 1 survivors (1024K)
 Metaspace       used 84391K, committed 84928K, reserved 1122304K
  class space    used 11138K, committed 11392K, reserved 1048576K
}
Event: 35.628 GC heap before
{Heap before GC invocations=48 (full 0):
 garbage-first heap   total 221184K, used 173997K [0x0000000080000000, 0x0000000100000000)
  region size 1024K, 78 young (79872K), 1 survivors (1024K)
 Metaspace       used 84637K, committed 85248K, reserved 1130496K
  class space    used 11167K, committed 11456K, reserved 1048576K
}
Event: 35.634 GC heap after
{Heap after GC invocations=49 (full 0):
 garbage-first heap   total 221184K, used 102632K [0x0000000080000000, 0x0000000100000000)
  region size 1024K, 8 young (8192K), 8 survivors (8192K)
 Metaspace       used 84637K, committed 85248K, reserved 1130496K
  class space    used 11167K, committed 11456K, reserved 1048576K
}
Event: 61.271 GC heap before
{Heap before GC invocations=49 (full 0):
 garbage-first heap   total 221184K, used 176360K [0x0000000080000000, 0x0000000100000000)
  region size 1024K, 81 young (82944K), 8 survivors (8192K)
 Metaspace       used 88513K, committed 89152K, reserved 1130496K
  class space    used 11487K, committed 11776K, reserved 1048576K
}
Event: 61.292 GC heap after
{Heap after GC invocations=50 (full 0):
 garbage-first heap   total 221184K, used 107653K [0x0000000080000000, 0x0000000100000000)
  region size 1024K, 8 young (8192K), 8 survivors (8192K)
 Metaspace       used 88513K, committed 89152K, reserved 1130496K
  class space    used 11487K, committed 11776K, reserved 1048576K
}
Event: 62.781 GC heap before
{Heap before GC invocations=50 (full 0):
 garbage-first heap   total 221184K, used 176261K [0x0000000080000000, 0x0000000100000000)
  region size 1024K, 76 young (77824K), 8 survivors (8192K)
 Metaspace       used 88942K, committed 89536K, reserved 1130496K
  class space    used 11494K, committed 11776K, reserved 1048576K
}
Event: 62.790 GC heap after
{Heap after GC invocations=51 (full 0):
 garbage-first heap   total 221184K, used 112424K [0x0000000080000000, 0x0000000100000000)
  region size 1024K, 5 young (5120K), 5 survivors (5120K)
 Metaspace       used 88942K, committed 89536K, reserved 1130496K
  class space    used 11494K, committed 11776K, reserved 1048576K
}

