# JRE version: OpenJDK Runtime Environment (16.0.2+7) (build 16.0.2+7-67)
# Java VM: OpenJDK 64-Bit Server VM (16.0.2+7-67, mixed mode, sharing, tiered, compressed oops, compressed class ptrs, g1 gc, windows-amd64)
GC Precious Log:
 CPUs: 8 total, 8 available
 Memory: 7915M
 Large Page Support: Disabled
 NUMA Support: Disabled
 Compressed Oops: Enabled (32-bit)
 Heap Region Size: 1M
 Heap Min Capacity: 8M
 Heap Initial Capacity: 124M
 Heap Max Capacity: 2G
 Pre-touch: Disabled
 Parallel Workers: 8
 Concurrent Workers: 2
 Concurrent Refinement Workers: 8
 Periodic GC: Disabled
Heap:
 garbage-first heap   total 162816K, used 121834K [0x0000000080000000, 0x0000000100000000)
  region size 1024K, 44 young (45056K), 6 survivors (6144K)
 Metaspace       used 77075K, committed 77632K, reserved 1122304K
  class space    used 10240K, committed 10496K, reserved 1048576K
GC Heap History (20 events):
Event: 7.470 GC heap before
{Heap before GC invocations=21 (full 0):
 garbage-first heap   total 125952K, used 99313K [0x0000000080000000, 0x0000000100000000)
  region size 1024K, 40 young (40960K), 5 survivors (5120K)
 Metaspace       used 58581K, committed 59136K, reserved 1105920K
  class space    used 7643K, committed 7936K, reserved 1048576K
}
Event: 7.477 GC heap after
{Heap after GC invocations=22 (full 0):
 garbage-first heap   total 125952K, used 66860K [0x0000000080000000, 0x0000000100000000)
  region size 1024K, 4 young (4096K), 4 survivors (4096K)
 Metaspace       used 58581K, committed 59136K, reserved 1105920K
  class space    used 7643K, committed 7936K, reserved 1048576K
}
Event: 8.074 GC heap before
{Heap before GC invocations=23 (full 0):
 garbage-first heap   total 125952K, used 99628K [0x0000000080000000, 0x0000000100000000)
  region size 1024K, 36 young (36864K), 4 survivors (4096K)
 Metaspace       used 62554K, committed 63104K, reserved 1105920K
  class space    used 8316K, committed 8576K, reserved 1048576K
}
Event: 8.078 GC heap after
{Heap after GC invocations=24 (full 0):
 garbage-first heap   total 125952K, used 68916K [0x0000000080000000, 0x0000000100000000)
  region size 1024K, 3 young (3072K), 3 survivors (3072K)
 Metaspace       used 62554K, committed 63104K, reserved 1105920K
  class space    used 8316K, committed 8576K, reserved 1048576K
}
Event: 8.849 GC heap before
{Heap before GC invocations=24 (full 0):
 garbage-first heap   total 125952K, used 100660K [0x0000000080000000, 0x0000000100000000)
  region size 1024K, 34 young (34816K), 3 survivors (3072K)
 Metaspace       used 65410K, committed 65984K, reserved 1114112K
  class space    used 8741K, committed 9024K, reserved 1048576K
}
Event: 8.857 GC heap after
{Heap after GC invocations=25 (full 0):
 garbage-first heap   total 125952K, used 71165K [0x0000000080000000, 0x0000000100000000)
  region size 1024K, 5 young (5120K), 5 survivors (5120K)
 Metaspace       used 65410K, committed 65984K, reserved 1114112K
  class space    used 8741K, committed 9024K, reserved 1048576K
}
Event: 9.449 GC heap before
{Heap before GC invocations=26 (full 0):
 garbage-first heap   total 130048K, used 101885K [0x0000000080000000, 0x0000000100000000)
  region size 1024K, 35 young (35840K), 5 survivors (5120K)
 Metaspace       used 68865K, committed 69440K, reserved 1114112K
  class space    used 9243K, committed 9536K, reserved 1048576K
}
Event: 9.453 GC heap after
{Heap after GC invocations=27 (full 0):
 garbage-first heap   total 130048K, used 73282K [0x0000000080000000, 0x0000000100000000)
  region size 1024K, 5 young (5120K), 5 survivors (5120K)
 Metaspace       used 68865K, committed 69440K, reserved 1114112K
  class space    used 9243K, committed 9536K, reserved 1048576K
}
Event: 10.250 GC heap before
{Heap before GC invocations=27 (full 0):
 garbage-first heap   total 130048K, used 105026K [0x0000000080000000, 0x0000000100000000)
  region size 1024K, 37 young (37888K), 5 survivors (5120K)
 Metaspace       used 72435K, committed 73024K, reserved 1114112K
  class space    used 9630K, committed 9920K, reserved 1048576K
}
Event: 10.256 GC heap after
{Heap after GC invocations=28 (full 0):
 garbage-first heap   total 130048K, used 77298K [0x0000000080000000, 0x0000000100000000)
  region size 1024K, 5 young (5120K), 5 survivors (5120K)
 Metaspace       used 72435K, committed 73024K, reserved 1114112K
  class space    used 9630K, committed 9920K, reserved 1048576K
}
Event: 11.103 GC heap before
{Heap before GC invocations=29 (full 0):
 garbage-first heap   total 137216K, used 105970K [0x0000000080000000, 0x0000000100000000)
  region size 1024K, 33 young (33792K), 5 survivors (5120K)
 Metaspace       used 75087K, committed 75712K, reserved 1114112K
  class space    used 9922K, committed 10240K, reserved 1048576K
}
Event: 11.110 GC heap after
{Heap after GC invocations=30 (full 0):
 garbage-first heap   total 137216K, used 81020K [0x0000000080000000, 0x0000000100000000)
  region size 1024K, 4 young (4096K), 4 survivors (4096K)
 Metaspace       used 75087K, committed 75712K, reserved 1114112K
  class space    used 9922K, committed 10240K, reserved 1048576K
}
Event: 11.448 GC heap before
{Heap before GC invocations=30 (full 0):
 garbage-first heap   total 137216K, used 110716K [0x0000000080000000, 0x0000000100000000)
  region size 1024K, 33 young (33792K), 4 survivors (4096K)
 Metaspace       used 76115K, committed 76672K, reserved 1122304K
  class space    used 10159K, committed 10432K, reserved 1048576K
}
Event: 11.454 GC heap after
{Heap after GC invocations=31 (full 0):
 garbage-first heap   total 137216K, used 85834K [0x0000000080000000, 0x0000000100000000)
  region size 1024K, 5 young (5120K), 5 survivors (5120K)
 Metaspace       used 76115K, committed 76672K, reserved 1122304K
  class space    used 10159K, committed 10432K, reserved 1048576K
}
Event: 11.670 GC heap before
{Heap before GC invocations=32 (full 0):
 garbage-first heap   total 157696K, used 111434K [0x0000000080000000, 0x0000000100000000)
  region size 1024K, 30 young (30720K), 5 survivors (5120K)
 Metaspace       used 76152K, committed 76800K, reserved 1122304K
  class space    used 10159K, committed 10432K, reserved 1048576K
}
Event: 11.674 GC heap after
{Heap after GC invocations=33 (full 0):
 garbage-first heap   total 157696K, used 86600K [0x0000000080000000, 0x0000000100000000)
  region size 1024K, 3 young (3072K), 3 survivors (3072K)
 Metaspace       used 76152K, committed 76800K, reserved 1122304K
  class space    used 10159K, committed 10432K, reserved 1048576K
}
Event: 11.697 GC heap before
{Heap before GC invocations=33 (full 0):
 garbage-first heap   total 157696K, used 89672K [0x0000000080000000, 0x0000000100000000)
  region size 1024K, 7 young (7168K), 3 survivors (3072K)
 Metaspace       used 76180K, committed 76800K, reserved 1122304K
  class space    used 10161K, committed 10432K, reserved 1048576K
}
Event: 11.706 GC heap after
{Heap after GC invocations=34 (full 0):
 garbage-first heap   total 157696K, used 80648K [0x0000000080000000, 0x0000000100000000)
  region size 1024K, 1 young (1024K), 1 survivors (1024K)
 Metaspace       used 76180K, committed 76800K, reserved 1122304K
  class space    used 10161K, committed 10432K, reserved 1048576K
}
Event: 12.013 GC heap before
{Heap before GC invocations=34 (full 0):
 garbage-first heap   total 157696K, used 122632K [0x0000000080000000, 0x0000000100000000)
  region size 1024K, 43 young (44032K), 1 survivors (1024K)
 Metaspace       used 76463K, committed 77120K, reserved 1122304K
  class space    used 10168K, committed 10496K, reserved 1048576K
}
Event: 12.030 GC heap after
{Heap after GC invocations=35 (full 0):
 garbage-first heap   total 157696K, used 84970K [0x0000000080000000, 0x0000000100000000)
  region size 1024K, 6 young (6144K), 6 survivors (6144K)
 Metaspace       used 76463K, committed 77120K, reserved 1122304K
  class space    used 10168K, committed 10496K, reserved 1048576K
}

